[debug] [2023-05-08T05:43:39.337Z] ----------------------------------------------------------------------
[debug] [2023-05-08T05:43:39.339Z] Command:       /home/garv/.nvm/versions/node/v16.18.0/bin/node /home/garv/.nvm/versions/node/v16.18.0/bin/firebase init
[debug] [2023-05-08T05:43:39.340Z] CLI Version:   11.30.0
[debug] [2023-05-08T05:43:39.340Z] Platform:      linux
[debug] [2023-05-08T05:43:39.340Z] Node Version:  v16.18.0
[debug] [2023-05-08T05:43:39.340Z] Time:          Mon May 08 2023 01:43:39 GMT-0400 (Eastern Daylight Time)
[debug] [2023-05-08T05:43:39.341Z] ----------------------------------------------------------------------
[debug] 
[debug] [2023-05-08T05:43:39.344Z] >>> [apiv2][query] GET https://firebase-public.firebaseio.com/cli.json [none]
[debug] [2023-05-08T05:43:39.366Z] > command requires scopes: ["email","openid","https://www.googleapis.com/auth/cloudplatformprojects.readonly","https://www.googleapis.com/auth/firebase","https://www.googleapis.com/auth/cloud-platform"]
[debug] [2023-05-08T05:43:39.367Z] > authorizing via signed-in user (garvsehgal7@gmail.com)
[info] 
     ######## #### ########  ######## ########     ###     ######  ########
     ##        ##  ##     ## ##       ##     ##  ##   ##  ##       ##
     ######    ##  ########  ######   ########  #########  ######  ######
     ##        ##  ##    ##  ##       ##     ## ##     ##       ## ##
     ##       #### ##     ## ######## ########  ##     ##  ######  ########

You're about to initialize a Firebase project in this directory:

  /home/garv/Desktop/Projects/wic-contest

[debug] [2023-05-08T05:43:39.518Z] <<< [apiv2][status] GET https://firebase-public.firebaseio.com/cli.json 200
[debug] [2023-05-08T05:43:39.518Z] <<< [apiv2][body] GET https://firebase-public.firebaseio.com/cli.json {"cloudBuildErrorAfter":1594252800000,"cloudBuildWarnAfter":1590019200000,"defaultNode10After":1594252800000,"minVersion":"3.0.5","node8DeploysDisabledAfter":1613390400000,"node8RuntimeDisabledAfter":1615809600000,"node8WarnAfter":1600128000000}
[info] 
=== Project Setup
[info] 
[info] First, let's associate this project directory with a Firebase project.
[info] You can create multiple project aliases by running firebase use --add, 
[info] but for now we'll just set up a default project.
[info] 
[debug] [2023-05-08T05:44:56.813Z] > refreshing access token with scopes: []
[debug] [2023-05-08T05:44:56.816Z] >>> [apiv2][query] POST https://www.googleapis.com/oauth2/v3/token [none]
[debug] [2023-05-08T05:44:56.817Z] >>> [apiv2][body] POST https://www.googleapis.com/oauth2/v3/token [omitted]
[debug] [2023-05-08T05:44:56.961Z] <<< [apiv2][status] POST https://www.googleapis.com/oauth2/v3/token 200
[debug] [2023-05-08T05:44:56.962Z] <<< [apiv2][body] POST https://www.googleapis.com/oauth2/v3/token [omitted]
[debug] [2023-05-08T05:44:56.973Z] >>> [apiv2][query] GET https://firebase.googleapis.com/v1beta1/projects pageSize=100
[debug] [2023-05-08T05:44:57.405Z] <<< [apiv2][status] GET https://firebase.googleapis.com/v1beta1/projects 200
[debug] [2023-05-08T05:44:57.405Z] <<< [apiv2][body] GET https://firebase.googleapis.com/v1beta1/projects [omitted]
[info] i  Using project wic-contest (wic-contest) 
[info] 
=== Hosting Setup
[info] 
[info] Your public directory is the folder (relative to your project directory) that
[info] will contain Hosting assets to be uploaded with firebase deploy. If you
[info] have a build process for your assets, use your build's output directory.
[info] 
